<?xml version="1.0" encoding="UTF-8"?>
<!-- Generated by org.testng.reporters.JUnitXMLReporter -->
<testsuite ignored="0" hostname="DESKTOP-DKNJ5B4" failures="0" tests="4" name="Test" time="0.146" errors="0" timestamp="2022-07-26T22:25:50 IST">
  <testcase classname="QAclickacademy2.AppiumTest" name="testapp1" time="0.01"/>
  <testcase classname="QAclickacademy2.AppiumTest" name="testapp2" time="0.003"/>
  <testcase classname="QAclickacademy2.RestAPITest" name="testRestAPI1" time="0.002"/>
  <testcase classname="QAclickacademy2.RestAPITest" name="testRestAPI2" time="0.003"/>
</testsuite> <!-- Test -->
