<?xml version="1.0" encoding="UTF-8"?>
<testng-results ignored="0" total="4" passed="4" failed="0" skipped="0">
  <reporter-output>
  </reporter-output>
  <suite started-at="2022-07-26T22:25:49 IST" name="Suite" finished-at="2022-07-26T22:25:50 IST" duration-ms="146">
    <groups>
    </groups>
    <test started-at="2022-07-26T22:25:49 IST" name="Test" finished-at="2022-07-26T22:25:50 IST" duration-ms="146">
      <class name="QAclickacademy2.AppiumTest">
        <test-method signature="testapp1()[pri:0, instance:QAclickacademy2.AppiumTest@2f7c2f4f]" started-at="2022-07-26T22:25:50 IST" name="testapp1" finished-at="2022-07-26T22:25:50 IST" duration-ms="10" status="PASS">
          <reporter-output>
          </reporter-output>
        </test-method> <!-- testapp1 -->
        <test-method signature="testapp2()[pri:0, instance:QAclickacademy2.AppiumTest@2f7c2f4f]" started-at="2022-07-26T22:25:50 IST" name="testapp2" finished-at="2022-07-26T22:25:50 IST" duration-ms="3" status="PASS">
          <reporter-output>
          </reporter-output>
        </test-method> <!-- testapp2 -->
      </class> <!-- QAclickacademy2.AppiumTest -->
      <class name="QAclickacademy2.RestAPITest">
        <test-method signature="testRestAPI1()[pri:0, instance:QAclickacademy2.RestAPITest@5223e5ee]" started-at="2022-07-26T22:25:50 IST" name="testRestAPI1" finished-at="2022-07-26T22:25:50 IST" duration-ms="2" status="PASS">
          <reporter-output>
          </reporter-output>
        </test-method> <!-- testRestAPI1 -->
        <test-method signature="testRestAPI2()[pri:0, instance:QAclickacademy2.RestAPITest@5223e5ee]" started-at="2022-07-26T22:25:50 IST" name="testRestAPI2" finished-at="2022-07-26T22:25:50 IST" duration-ms="3" status="PASS">
          <reporter-output>
          </reporter-output>
        </test-method> <!-- testRestAPI2 -->
      </class> <!-- QAclickacademy2.RestAPITest -->
    </test> <!-- Test -->
  </suite> <!-- Suite -->
</testng-results>
